<?xml version="1.0" encoding="UTF-8"?>
<testng-results skipped="0" failed="0" total="16" passed="16">
  <reporter-output>
  </reporter-output>
  <suite name="Suite" duration-ms="46669" started-at="2016-12-13T18:18:48Z" finished-at="2016-12-13T18:19:35Z">
    <groups>
    </groups>
    <test name="Test-1" duration-ms="12222" started-at="2016-12-13T18:18:48Z" finished-at="2016-12-13T18:19:01Z">
      <class name="testcases.GoogleSearchTests">
        <test-method status="PASS" signature="initDriver(java.lang.String, java.lang.String)[pri:0, instance:testcases.GoogleSearchTests@59fa1d9b]" name="initDriver" is-config="true" duration-ms="1817" started-at="2016-12-13T10:18:48Z" finished-at="2016-12-13T10:18:50Z">
          <params>
            <param index="0">
              <value>
                <![CDATA[Chrome]]>
              </value>
            </param>
            <param index="1">
              <value>
                <![CDATA[MAC]]>
              </value>
            </param>
          </params>
          <reporter-output>
          </reporter-output>
        </test-method> <!-- initDriver -->
        <test-method status="PASS" signature="testLoginLogout(dataProvider.GoogleSearchCsvObjects)[pri:0, instance:testcases.GoogleSearchTests@59fa1d9b]" name="testLoginLogout" duration-ms="3493" started-at="2016-12-13T10:18:50Z" data-provider="getSearchData" finished-at="2016-12-13T10:18:54Z">
          <params>
            <param index="0">
              <value>
                <![CDATA[dataProvider.GoogleSearchCsvObjects@78774c7b]]>
              </value>
            </param>
          </params>
          <reporter-output>
          </reporter-output>
        </test-method> <!-- testLoginLogout -->
        <test-method status="PASS" signature="testLoginLogout(dataProvider.GoogleSearchCsvObjects)[pri:0, instance:testcases.GoogleSearchTests@59fa1d9b]" name="testLoginLogout" duration-ms="2355" started-at="2016-12-13T10:18:54Z" data-provider="getSearchData" finished-at="2016-12-13T10:18:56Z">
          <params>
            <param index="0">
              <value>
                <![CDATA[dataProvider.GoogleSearchCsvObjects@42109c03]]>
              </value>
            </param>
          </params>
          <reporter-output>
          </reporter-output>
        </test-method> <!-- testLoginLogout -->
        <test-method status="PASS" signature="testLoginLogout(dataProvider.GoogleSearchCsvObjects)[pri:0, instance:testcases.GoogleSearchTests@59fa1d9b]" name="testLoginLogout" duration-ms="2191" started-at="2016-12-13T10:18:56Z" data-provider="getSearchData" finished-at="2016-12-13T10:18:58Z">
          <params>
            <param index="0">
              <value>
                <![CDATA[dataProvider.GoogleSearchCsvObjects@6df11994]]>
              </value>
            </param>
          </params>
          <reporter-output>
          </reporter-output>
        </test-method> <!-- testLoginLogout -->
        <test-method status="PASS" signature="testLoginLogout(dataProvider.GoogleSearchCsvObjects)[pri:0, instance:testcases.GoogleSearchTests@59fa1d9b]" name="testLoginLogout" duration-ms="2249" started-at="2016-12-13T10:18:58Z" data-provider="getSearchData" finished-at="2016-12-13T10:19:00Z">
          <params>
            <param index="0">
              <value>
                <![CDATA[dataProvider.GoogleSearchCsvObjects@daa6bc1]]>
              </value>
            </param>
          </params>
          <reporter-output>
          </reporter-output>
        </test-method> <!-- testLoginLogout -->
        <test-method status="PASS" signature="tearDown()[pri:0, instance:testcases.GoogleSearchTests@59fa1d9b]" name="tearDown" is-config="true" duration-ms="100" started-at="2016-12-13T10:19:00Z" finished-at="2016-12-13T10:19:01Z">
          <reporter-output>
          </reporter-output>
        </test-method> <!-- tearDown -->
      </class> <!-- testcases.GoogleSearchTests -->
    </test> <!-- Test-1 -->
    <test name="Test-3" duration-ms="9616" started-at="2016-12-13T18:19:01Z" finished-at="2016-12-13T18:19:11Z">
      <class name="testcases.GoogleSearchTests3">
        <test-method status="PASS" signature="initDriver(java.lang.String, java.lang.String)[pri:0, instance:testcases.GoogleSearchTests3@464bee09]" name="initDriver" is-config="true" duration-ms="1437" started-at="2016-12-13T10:19:01Z" finished-at="2016-12-13T10:19:02Z">
          <params>
            <param index="0">
              <value>
                <![CDATA[Chrome]]>
              </value>
            </param>
            <param index="1">
              <value>
                <![CDATA[MAC]]>
              </value>
            </param>
          </params>
          <reporter-output>
          </reporter-output>
        </test-method> <!-- initDriver -->
        <test-method status="PASS" signature="googleSearchTests3(dataProvider.GoogleSearchCsvObjects)[pri:0, instance:testcases.GoogleSearchTests3@464bee09]" name="googleSearchTests3" duration-ms="2439" started-at="2016-12-13T10:19:02Z" data-provider="getSearchData" finished-at="2016-12-13T10:19:05Z">
          <params>
            <param index="0">
              <value>
                <![CDATA[dataProvider.GoogleSearchCsvObjects@5ed9940d]]>
              </value>
            </param>
          </params>
          <reporter-output>
          </reporter-output>
        </test-method> <!-- googleSearchTests3 -->
        <test-method status="PASS" signature="googleSearchTests3(dataProvider.GoogleSearchCsvObjects)[pri:0, instance:testcases.GoogleSearchTests3@464bee09]" name="googleSearchTests3" duration-ms="2127" started-at="2016-12-13T10:19:05Z" data-provider="getSearchData" finished-at="2016-12-13T10:19:07Z">
          <params>
            <param index="0">
              <value>
                <![CDATA[dataProvider.GoogleSearchCsvObjects@20368cbe]]>
              </value>
            </param>
          </params>
          <reporter-output>
          </reporter-output>
        </test-method> <!-- googleSearchTests3 -->
        <test-method status="PASS" signature="googleSearchTests3(dataProvider.GoogleSearchCsvObjects)[pri:0, instance:testcases.GoogleSearchTests3@464bee09]" name="googleSearchTests3" duration-ms="1719" started-at="2016-12-13T10:19:07Z" data-provider="getSearchData" finished-at="2016-12-13T10:19:09Z">
          <params>
            <param index="0">
              <value>
                <![CDATA[dataProvider.GoogleSearchCsvObjects@6800ff7]]>
              </value>
            </param>
          </params>
          <reporter-output>
          </reporter-output>
        </test-method> <!-- googleSearchTests3 -->
        <test-method status="PASS" signature="googleSearchTests3(dataProvider.GoogleSearchCsvObjects)[pri:0, instance:testcases.GoogleSearchTests3@464bee09]" name="googleSearchTests3" duration-ms="1784" started-at="2016-12-13T10:19:09Z" data-provider="getSearchData" finished-at="2016-12-13T10:19:11Z">
          <params>
            <param index="0">
              <value>
                <![CDATA[dataProvider.GoogleSearchCsvObjects@3d488f5c]]>
              </value>
            </param>
          </params>
          <reporter-output>
          </reporter-output>
        </test-method> <!-- googleSearchTests3 -->
        <test-method status="PASS" signature="tearDown()[pri:0, instance:testcases.GoogleSearchTests3@464bee09]" name="tearDown" is-config="true" duration-ms="103" started-at="2016-12-13T10:19:11Z" finished-at="2016-12-13T10:19:11Z">
          <reporter-output>
          </reporter-output>
        </test-method> <!-- tearDown -->
      </class> <!-- testcases.GoogleSearchTests3 -->
    </test> <!-- Test-3 -->
    <test name="Test-2" duration-ms="26017" started-at="2016-12-13T18:18:48Z" finished-at="2016-12-13T18:19:14Z">
      <class name="testcases.GoogleSearchTests2">
        <test-method status="PASS" signature="initDriver(java.lang.String, java.lang.String)[pri:0, instance:testcases.GoogleSearchTests2@4667ae56]" name="initDriver" is-config="true" duration-ms="5591" started-at="2016-12-13T10:18:48Z" finished-at="2016-12-13T10:18:54Z">
          <params>
            <param index="0">
              <value>
                <![CDATA[Chrome]]>
              </value>
            </param>
            <param index="1">
              <value>
                <![CDATA[WINDOWS]]>
              </value>
            </param>
          </params>
          <reporter-output>
          </reporter-output>
        </test-method> <!-- initDriver -->
        <test-method status="PASS" signature="googleSearchTests2(dataProvider.GoogleSearchCsvObjects)[pri:0, instance:testcases.GoogleSearchTests2@4667ae56]" name="googleSearchTests2" duration-ms="11220" started-at="2016-12-13T10:18:54Z" data-provider="getSearchData" finished-at="2016-12-13T10:19:05Z">
          <params>
            <param index="0">
              <value>
                <![CDATA[dataProvider.GoogleSearchCsvObjects@5800fb8b]]>
              </value>
            </param>
          </params>
          <reporter-output>
          </reporter-output>
        </test-method> <!-- googleSearchTests2 -->
        <test-method status="PASS" signature="googleSearchTests2(dataProvider.GoogleSearchCsvObjects)[pri:0, instance:testcases.GoogleSearchTests2@4667ae56]" name="googleSearchTests2" duration-ms="3724" started-at="2016-12-13T10:19:05Z" data-provider="getSearchData" finished-at="2016-12-13T10:19:09Z">
          <params>
            <param index="0">
              <value>
                <![CDATA[dataProvider.GoogleSearchCsvObjects@2c512642]]>
              </value>
            </param>
          </params>
          <reporter-output>
          </reporter-output>
        </test-method> <!-- googleSearchTests2 -->
        <test-method status="PASS" signature="googleSearchTests2(dataProvider.GoogleSearchCsvObjects)[pri:0, instance:testcases.GoogleSearchTests2@4667ae56]" name="googleSearchTests2" duration-ms="2213" started-at="2016-12-13T10:19:09Z" data-provider="getSearchData" finished-at="2016-12-13T10:19:11Z">
          <params>
            <param index="0">
              <value>
                <![CDATA[dataProvider.GoogleSearchCsvObjects@4fb00ed2]]>
              </value>
            </param>
          </params>
          <reporter-output>
          </reporter-output>
        </test-method> <!-- googleSearchTests2 -->
        <test-method status="PASS" signature="googleSearchTests2(dataProvider.GoogleSearchCsvObjects)[pri:0, instance:testcases.GoogleSearchTests2@4667ae56]" name="googleSearchTests2" duration-ms="2322" started-at="2016-12-13T10:19:11Z" data-provider="getSearchData" finished-at="2016-12-13T10:19:13Z">
          <params>
            <param index="0">
              <value>
                <![CDATA[dataProvider.GoogleSearchCsvObjects@6e9f0fea]]>
              </value>
            </param>
          </params>
          <reporter-output>
          </reporter-output>
        </test-method> <!-- googleSearchTests2 -->
        <test-method status="PASS" signature="tearDown()[pri:0, instance:testcases.GoogleSearchTests2@4667ae56]" name="tearDown" is-config="true" duration-ms="936" started-at="2016-12-13T10:19:13Z" finished-at="2016-12-13T10:19:14Z">
          <reporter-output>
          </reporter-output>
        </test-method> <!-- tearDown -->
      </class> <!-- testcases.GoogleSearchTests2 -->
    </test> <!-- Test-2 -->
    <test name="Test-4" duration-ms="24391" started-at="2016-12-13T18:19:11Z" finished-at="2016-12-13T18:19:35Z">
      <class name="testcases.GoogleSearchTests4">
        <test-method status="PASS" signature="configLoader(java.lang.String)[pri:0, instance:testcases.GoogleSearchTests4@3c0ecd4b]" name="configLoader" is-config="true" duration-ms="7" started-at="2016-12-13T10:18:48Z" finished-at="2016-12-13T10:18:48Z">
          <params>
            <param index="0">
              <value>
                <![CDATA[src/test/resources/config.properties/]]>
              </value>
            </param>
          </params>
          <reporter-output>
          </reporter-output>
        </test-method> <!-- configLoader -->
        <test-method status="PASS" signature="initDriver(java.lang.String, java.lang.String)[pri:0, instance:testcases.GoogleSearchTests4@3c0ecd4b]" name="initDriver" is-config="true" duration-ms="4033" started-at="2016-12-13T10:19:11Z" finished-at="2016-12-13T10:19:15Z">
          <params>
            <param index="0">
              <value>
                <![CDATA[Chrome]]>
              </value>
            </param>
            <param index="1">
              <value>
                <![CDATA[Windows]]>
              </value>
            </param>
          </params>
          <reporter-output>
          </reporter-output>
        </test-method> <!-- initDriver -->
        <test-method status="PASS" signature="googleSearchTests4(dataProvider.GoogleSearchCsvObjects)[pri:0, instance:testcases.GoogleSearchTests4@3c0ecd4b]" name="googleSearchTests4" duration-ms="11974" started-at="2016-12-13T10:19:15Z" data-provider="getSearchData" finished-at="2016-12-13T10:19:27Z">
          <params>
            <param index="0">
              <value>
                <![CDATA[dataProvider.GoogleSearchCsvObjects@3362c09c]]>
              </value>
            </param>
          </params>
          <reporter-output>
          </reporter-output>
        </test-method> <!-- googleSearchTests4 -->
        <test-method status="PASS" signature="googleSearchTests4(dataProvider.GoogleSearchCsvObjects)[pri:0, instance:testcases.GoogleSearchTests4@3c0ecd4b]" name="googleSearchTests4" duration-ms="1772" started-at="2016-12-13T10:19:27Z" data-provider="getSearchData" finished-at="2016-12-13T10:19:28Z">
          <params>
            <param index="0">
              <value>
                <![CDATA[dataProvider.GoogleSearchCsvObjects@70ac092d]]>
              </value>
            </param>
          </params>
          <reporter-output>
          </reporter-output>
        </test-method> <!-- googleSearchTests4 -->
        <test-method status="PASS" signature="googleSearchTests4(dataProvider.GoogleSearchCsvObjects)[pri:0, instance:testcases.GoogleSearchTests4@3c0ecd4b]" name="googleSearchTests4" duration-ms="3664" started-at="2016-12-13T10:19:28Z" data-provider="getSearchData" finished-at="2016-12-13T10:19:32Z">
          <params>
            <param index="0">
              <value>
                <![CDATA[dataProvider.GoogleSearchCsvObjects@108a7990]]>
              </value>
            </param>
          </params>
          <reporter-output>
          </reporter-output>
        </test-method> <!-- googleSearchTests4 -->
        <test-method status="PASS" signature="googleSearchTests4(dataProvider.GoogleSearchCsvObjects)[pri:0, instance:testcases.GoogleSearchTests4@3c0ecd4b]" name="googleSearchTests4" duration-ms="1901" started-at="2016-12-13T10:19:32Z" data-provider="getSearchData" finished-at="2016-12-13T10:19:34Z">
          <params>
            <param index="0">
              <value>
                <![CDATA[dataProvider.GoogleSearchCsvObjects@6d94a470]]>
              </value>
            </param>
          </params>
          <reporter-output>
          </reporter-output>
        </test-method> <!-- googleSearchTests4 -->
        <test-method status="PASS" signature="tearDown()[pri:0, instance:testcases.GoogleSearchTests4@3c0ecd4b]" name="tearDown" is-config="true" duration-ms="1043" started-at="2016-12-13T10:19:34Z" finished-at="2016-12-13T10:19:35Z">
          <reporter-output>
          </reporter-output>
        </test-method> <!-- tearDown -->
      </class> <!-- testcases.GoogleSearchTests4 -->
    </test> <!-- Test-4 -->
  </suite> <!-- Suite -->
</testng-results>
